<?xml version="1.0" encoding="UTF-8"?>
<!-- Generated by org.testng.reporters.JUnitReportReporter -->
<testsuite hostname="Anagha_Gram" failures="0" tests="8" name="storefront.testclasses.StoreTests" time="91.991" errors="0" timestamp="2022-05-20T01:01:08 BST" skipped="0">
  <testcase classname="storefront.testclasses.StoreTests" name="addProductsToCart" time="12.608"/>
  <system-out/>
  <testcase classname="storefront.testclasses.StoreTests" name="addProductsToCart" time="10.975"/>
  <system-out/>
  <testcase classname="storefront.testclasses.StoreTests" name="addProductsToCart" time="11.571"/>
  <system-out/>
  <testcase classname="storefront.testclasses.StoreTests" name="addProductsToCart" time="11.656"/>
  <system-out/>
  <testcase classname="storefront.testclasses.StoreTests" name="addProductsToCart" time="11.564"/>
  <system-out/>
  <testcase classname="storefront.testclasses.StoreTests" name="addProductsToCart" time="12.277"/>
  <system-out/>
  <testcase classname="storefront.testclasses.StoreTests" name="addProductsToCart" time="10.535"/>
  <system-out/>
  <testcase classname="storefront.testclasses.StoreTests" name="addProductsToCart" time="10.805"/>
  <system-out/>
</testsuite> <!-- storefront.testclasses.StoreTests -->
