<?xml version="1.0" encoding="UTF-8"?>
<!-- Generated by org.testng.reporters.JUnitReportReporter -->
<testsuite hostname="Anagha_Gram" failures="0" tests="3" name="storefront.testclasses.StoreTests" time="31.431" errors="0" timestamp="2022-05-20T01:08:01 BST" skipped="0">
  <testcase classname="storefront.testclasses.StoreTests" name="addProductsToCart" time="10.471"/>
  <system-out/>
  <testcase classname="storefront.testclasses.StoreTests" name="addProductsToCart" time="10.699"/>
  <system-out/>
  <testcase classname="storefront.testclasses.StoreTests" name="addProductsToCart" time="10.261"/>
  <system-out/>
</testsuite> <!-- storefront.testclasses.StoreTests -->
