<?xml version="1.0" encoding="UTF-8"?>
<!-- Generated by org.testng.reporters.JUnitReportReporter -->
<testsuite hostname="Anagha_Gram" failures="0" tests="3" name="storefront.testclasses.StoreTests" time="34.789" errors="0" timestamp="2022-05-20T16:38:34 BST" skipped="0">
  <testcase classname="storefront.testclasses.StoreTests" name="addProductsToCart" time="11.129"/>
  <system-out/>
  <testcase classname="storefront.testclasses.StoreTests" name="addProductsToCart" time="11.939"/>
  <system-out/>
  <testcase classname="storefront.testclasses.StoreTests" name="addProductsToCart" time="11.721"/>
  <system-out/>
</testsuite> <!-- storefront.testclasses.StoreTests -->
